<?xml version="1.0" encoding="UTF-8"?>
<testng-results skipped="0" failed="0" ignored="0" total="1" passed="1">
  <reporter-output>
  </reporter-output>
  <suite name="parallel" duration-ms="29206" started-at="2021-09-16T15:52:13 NPT" finished-at="2021-09-16T15:52:42 NPT">
    <groups>
    </groups>
    <test name="Device-1" duration-ms="29206" started-at="2021-09-16T15:52:13 NPT" finished-at="2021-09-16T15:52:42 NPT">
      <class name="testScripts.TestScript1">
        <test-method status="PASS" signature="setup(java.lang.String,java.lang.String,java.lang.String,java.lang.String)[pri:0, instance:testScripts.TestScript1@4466af20]" name="setup" is-config="true" duration-ms="12398" started-at="2021-09-16T15:52:13 NPT" finished-at="2021-09-16T15:52:25 NPT">
          <params>
            <param index="0">
              <value>
                <![CDATA[Pixel 2]]>
              </value>
            </param>
            <param index="1">
              <value>
                <![CDATA[emulator-5554]]>
              </value>
            </param>
            <param index="2">
              <value>
                <![CDATA[12]]>
              </value>
            </param>
            <param index="3">
              <value>
                <![CDATA[http://127.0.0.1:4723/wd/hub]]>
              </value>
            </param>
          </params>
          <reporter-output>
          </reporter-output>
        </test-method> <!-- setup -->
        <test-method status="PASS" signature="setup()[pri:0, instance:testScripts.TestScript1@4466af20]" name="setup" duration-ms="16596" started-at="2021-09-16T15:52:26 NPT" finished-at="2021-09-16T15:52:42 NPT">
          <reporter-output>
          </reporter-output>
        </test-method> <!-- setup -->
      </class> <!-- testScripts.TestScript1 -->
    </test> <!-- Device-1 -->
  </suite> <!-- parallel -->
</testng-results>
